<?xml version="1.0" encoding="UTF-8"?>
<!-- Generated by org.testng.reporters.JUnitReportReporter -->
<testsuite hostname="DESKTOP-7C4J88S" failures="0" tests="1" name="test.example2_selectDateInredBusApp2" time="7.440" errors="0" timestamp="2024-12-30T15:49:29 IST" skipped="0">
  <testcase classname="test.example2_selectDateInredBusApp2" name="test" time="7.440"/>
</testsuite> <!-- test.example2_selectDateInredBusApp2 -->
